<?xml version="1.0" encoding="UTF-8"?>
<!-- Generated by org.testng.reporters.JUnitReportReporter -->
<testsuite hostname="DESKTOP-115CLN4" failures="0" tests="1" name="com.wipro.scripts.TS02Test" time="12.381" errors="0" timestamp="2021-06-12T15:57:52 IST" skipped="0">
  <testcase classname="com.wipro.scripts.TS02Test" name="Search_Product" time="12.381"/>
  <system-out/>
</testsuite> <!-- com.wipro.scripts.TS02Test -->
