<?xml version="1.0" encoding="UTF-8"?>
<!-- Generated by org.testng.reporters.JUnitReportReporter -->
<testsuite hostname="DESKTOP-115CLN4" failures="0" tests="1" name="com.wipro.config.StartBrowser" time="1.047" errors="0" timestamp="2021-05-30T00:38:13 IST" skipped="0">
  <testcase classname="com.wipro.config.StartBrowser" name="app" time="1.047"/>
  <system-out/>
</testsuite> <!-- com.wipro.config.StartBrowser -->
