<?xml version="1.0" encoding="UTF-8"?>
<!-- Generated by org.testng.reporters.JUnitReportReporter -->
<testsuite hostname="DESKTOP-115CLN4" failures="0" tests="2" name="com.wipro.scripts.TS04Test" time="33.355" errors="0" timestamp="2021-06-19T23:42:34 IST" skipped="0">
  <testcase classname="com.wipro.scripts.TS04Test" name="add_Address_and_remove_address" time="26.819"/>
  <system-out/>
  <testcase classname="com.wipro.scripts.TS04Test" name="set_default_addrss" time="6.536"/>
  <system-out/>
</testsuite> <!-- com.wipro.scripts.TS04Test -->
