<?xml version="1.0" encoding="UTF-8"?>
<!-- Generated by org.testng.reporters.JUnitReportReporter -->
<testsuite hostname="DESKTOP-115CLN4" failures="0" tests="1" name="com.wipro.scripts.TS03" time="28.910" errors="0" timestamp="2021-06-12T13:33:26 IST" skipped="0">
  <testcase classname="com.wipro.scripts.TS03" name="change_language_Amazon" time="28.910"/>
  <system-out/>
</testsuite> <!-- com.wipro.scripts.TS03 -->
