<?xml version="1.0" encoding="UTF-8"?>
<!-- Generated by org.testng.reporters.JUnitReportReporter -->
<testsuite hostname="DESKTOP-115CLN4" failures="0" tests="1" name="com.wipro.scripts.TS04Test" time="31.109" errors="0" timestamp="2021-06-19T22:44:31 IST" skipped="0">
  <testcase classname="com.wipro.scripts.TS04Test" name="add_Address_and_remove_address" time="31.109"/>
  <system-out/>
</testsuite> <!-- com.wipro.scripts.TS04Test -->
