<?xml version="1.0" encoding="UTF-8"?>
<!-- Generated by org.testng.reporters.JUnitReportReporter -->
<testsuite hostname="DESKTOP-115CLN4" failures="0" tests="1" name="com.wipro.scripts.TS01Test" time="15.847" errors="0" timestamp="2021-06-12T15:57:52 IST" skipped="0">
  <testcase classname="com.wipro.scripts.TS01Test" name="Login_Logout_Amazon" time="15.847"/>
  <system-out/>
</testsuite> <!-- com.wipro.scripts.TS01Test -->
